<?xml version="1.0" encoding="UTF-8"?>
<!-- Generated by org.testng.reporters.JUnitXMLReporter -->
<testsuite ignored="0" hostname="MacBook-Air-de-Luis.local" failures="0" tests="1" name="Firefox Test" time="70.14" errors="0" timestamp="2020-12-16T21:31:25 PET">
  <testcase classname="edu.pe.galaxy.SeleniumGrid_V2" name="@AfterTest TearDown" time="0.004">
    <failure type="java.lang.NullPointerException">
      <![CDATA[java.lang.NullPointerException
at edu.pe.galaxy.SeleniumGrid_V2.TearDown(SeleniumGrid_V2.java:83)
at java.base/java.util.concurrent.FutureTask.run(FutureTask.java:264)
at java.base/java.util.concurrent.ThreadPoolExecutor.runWorker(ThreadPoolExecutor.java:1130)
at java.base/java.util.concurrent.ThreadPoolExecutor$Worker.run(ThreadPoolExecutor.java:630)
at java.base/java.lang.Thread.run(Thread.java:832)
... Removed 15 stack frames]]>
    </failure>
  </testcase> <!-- @AfterTest TearDown -->
  <testcase classname="edu.pe.galaxy.SeleniumGrid_V2" name="doLoginSuccessfully" time="65.757"/>
</testsuite> <!-- Firefox Test -->
